2025-09-29 20:15:27.772 | INFO     | __main__:main:23 - Conexão com o Supabase estabelecida com sucesso!
2025-09-29 20:15:28.467 | ERROR    | __main__:main:36 - Bucket 'bucket_dw' não encontrado ou erro ao acessá-lo: {'statusCode': 404, 'error': Bucket not found, 'message': Bucket not found}
2025-09-29 20:15:28.468 | INFO     | __main__:main:37 - Por favor, crie o bucket no seu painel do Supabase antes de executar o script.
2025-09-29 20:16:19.250 | INFO     | __main__:main:23 - Conexão com o Supabase estabelecida com sucesso!
2025-09-29 20:16:19.499 | ERROR    | __main__:main:36 - Bucket 'bucket_dw' não encontrado ou erro ao acessá-lo: {'statusCode': 404, 'error': Bucket not found, 'message': Bucket not found}
2025-09-29 20:16:19.500 | INFO     | __main__:main:37 - Por favor, crie o bucket no seu painel do Supabase antes de executar o script.
2025-09-29 20:17:47.058 | INFO     | __main__:main:23 - Conexão com o Supabase estabelecida com sucesso!
2025-09-29 20:17:47.529 | ERROR    | __main__:main:36 - Bucket 'bucket_dw' não encontrado ou erro ao acessá-lo: {'statusCode': 403, 'error': Unauthorized, 'message': Invalid Compact JWS}
2025-09-29 20:17:47.529 | INFO     | __main__:main:37 - Por favor, crie o bucket no seu painel do Supabase antes de executar o script.
2025-09-29 20:18:10.603 | INFO     | __main__:main:23 - Conexão com o Supabase estabelecida com sucesso!
2025-09-29 20:18:10.872 | ERROR    | __main__:main:36 - Bucket 'bucket_dw' não encontrado ou erro ao acessá-lo: {'statusCode': 403, 'error': Unauthorized, 'message': Invalid Compact JWS}
2025-09-29 20:18:10.872 | INFO     | __main__:main:37 - Por favor, crie o bucket no seu painel do Supabase antes de executar o script.
2025-09-29 20:23:18.031 | INFO     | __main__:main:23 - Conexão com o Supabase estabelecida com sucesso!
2025-09-29 20:23:18.293 | ERROR    | __main__:main:36 - Bucket 'bucket_dw' não encontrado ou erro ao acessá-lo: {'statusCode': 403, 'error': Unauthorized, 'message': Invalid Compact JWS}
2025-09-29 20:23:18.294 | INFO     | __main__:main:37 - Por favor, crie o bucket no seu painel do Supabase antes de executar o script.
2025-09-29 20:25:40.204 | INFO     | __main__:main:23 - Conexão com o Supabase estabelecida com sucesso!
2025-09-29 20:25:40.629 | ERROR    | __main__:main:36 - Bucket 'bucket_dw' não encontrado ou erro ao acessá-lo: {'statusCode': 403, 'error': Unauthorized, 'message': Invalid Compact JWS}
2025-09-29 20:25:40.629 | INFO     | __main__:main:37 - Por favor, crie o bucket no seu painel do Supabase antes de executar o script.
2025-09-29 20:26:00.632 | INFO     | __main__:main:23 - Conexão com o Supabase estabelecida com sucesso!
2025-09-29 20:26:00.927 | ERROR    | __main__:main:36 - Bucket 'bucket_dw' não encontrado ou erro ao acessá-lo: {'statusCode': 404, 'error': Bucket not found, 'message': Bucket not found}
2025-09-29 20:26:00.927 | INFO     | __main__:main:37 - Por favor, crie o bucket no seu painel do Supabase antes de executar o script.
2025-09-29 20:27:43.310 | INFO     | __main__:main:23 - Conexão com o Supabase estabelecida com sucesso!
2025-09-29 20:27:43.876 | INFO     | __main__:main:34 - Bucket 'bucket_dw' encontrado.
2025-09-29 20:27:43.876 | INFO     | __main__:main:41 - Arquivos CSV encontrados para upload: ['acoes_e_fundos.csv', 'avaliacao_setor.csv', 'ciclo_mercado.csv', 'dividendos_ano.csv', 'dividendos_ano_resumo.csv', 'dividend_yield.csv', 'indicadores.csv', 'indices.csv', 'precos_acoes.csv', 'precos_acoes_completo.csv', 'preco_teto.csv', 'rj.csv', 'scores.csv', 'tickers_nao_mapeados.csv', 'todos_dividendos.csv']
2025-09-29 20:27:43.876 | INFO     | __main__:main:47 - Enviando acoes_e_fundos.csv para o bucket bucket_dw...
2025-09-29 20:27:44.018 | SUCCESS  | __main__:main:55 - Arquivo acoes_e_fundos.csv enviado com sucesso!
2025-09-29 20:27:44.018 | INFO     | __main__:main:47 - Enviando avaliacao_setor.csv para o bucket bucket_dw...
2025-09-29 20:27:44.181 | SUCCESS  | __main__:main:55 - Arquivo avaliacao_setor.csv enviado com sucesso!
2025-09-29 20:27:44.181 | INFO     | __main__:main:47 - Enviando ciclo_mercado.csv para o bucket bucket_dw...
2025-09-29 20:27:44.325 | SUCCESS  | __main__:main:55 - Arquivo ciclo_mercado.csv enviado com sucesso!
2025-09-29 20:27:44.326 | INFO     | __main__:main:47 - Enviando dividendos_ano.csv para o bucket bucket_dw...
2025-09-29 20:27:44.445 | SUCCESS  | __main__:main:55 - Arquivo dividendos_ano.csv enviado com sucesso!
2025-09-29 20:27:44.445 | INFO     | __main__:main:47 - Enviando dividendos_ano_resumo.csv para o bucket bucket_dw...
2025-09-29 20:27:44.576 | SUCCESS  | __main__:main:55 - Arquivo dividendos_ano_resumo.csv enviado com sucesso!
2025-09-29 20:27:44.576 | INFO     | __main__:main:47 - Enviando dividend_yield.csv para o bucket bucket_dw...
2025-09-29 20:27:44.746 | SUCCESS  | __main__:main:55 - Arquivo dividend_yield.csv enviado com sucesso!
2025-09-29 20:27:44.746 | INFO     | __main__:main:47 - Enviando indicadores.csv para o bucket bucket_dw...
2025-09-29 20:27:44.946 | SUCCESS  | __main__:main:55 - Arquivo indicadores.csv enviado com sucesso!
2025-09-29 20:27:44.947 | INFO     | __main__:main:47 - Enviando indices.csv para o bucket bucket_dw...
2025-09-29 20:27:45.092 | SUCCESS  | __main__:main:55 - Arquivo indices.csv enviado com sucesso!
2025-09-29 20:27:45.093 | INFO     | __main__:main:47 - Enviando precos_acoes.csv para o bucket bucket_dw...
2025-09-29 20:27:45.253 | SUCCESS  | __main__:main:55 - Arquivo precos_acoes.csv enviado com sucesso!
2025-09-29 20:27:45.253 | INFO     | __main__:main:47 - Enviando precos_acoes_completo.csv para o bucket bucket_dw...
2025-09-29 20:27:45.391 | SUCCESS  | __main__:main:55 - Arquivo precos_acoes_completo.csv enviado com sucesso!
2025-09-29 20:27:45.391 | INFO     | __main__:main:47 - Enviando preco_teto.csv para o bucket bucket_dw...
2025-09-29 20:27:45.523 | SUCCESS  | __main__:main:55 - Arquivo preco_teto.csv enviado com sucesso!
2025-09-29 20:27:45.523 | INFO     | __main__:main:47 - Enviando rj.csv para o bucket bucket_dw...
2025-09-29 20:27:45.773 | SUCCESS  | __main__:main:55 - Arquivo rj.csv enviado com sucesso!
2025-09-29 20:27:45.774 | INFO     | __main__:main:47 - Enviando scores.csv para o bucket bucket_dw...
2025-09-29 20:27:45.914 | SUCCESS  | __main__:main:55 - Arquivo scores.csv enviado com sucesso!
2025-09-29 20:27:45.914 | INFO     | __main__:main:47 - Enviando tickers_nao_mapeados.csv para o bucket bucket_dw...
2025-09-29 20:27:46.020 | SUCCESS  | __main__:main:55 - Arquivo tickers_nao_mapeados.csv enviado com sucesso!
2025-09-29 20:27:46.021 | INFO     | __main__:main:47 - Enviando todos_dividendos.csv para o bucket bucket_dw...
2025-09-29 20:27:46.170 | SUCCESS  | __main__:main:55 - Arquivo todos_dividendos.csv enviado com sucesso!
