2025-09-07 20:23:39 | INFO     | Iniciando a execução do pipeline de dados:
2025-09-07 20:23:39 | INFO     |  - 01-acoes_e_fundos.py
2025-09-07 20:23:39 | INFO     |  - 02-dividendos.py
2025-09-07 20:23:39 | INFO     |  - 03-dividendos_por_ano.py
2025-09-07 20:23:39 | INFO     |  - 04-dividendos_ano_resumo.py
2025-09-07 20:23:39 | INFO     |  - 05-preco_acoes.py
2025-09-07 20:23:39 | INFO     |  - 06-dividend_yield.py
2025-09-07 20:23:39 | INFO     |  - 07-preco_teto.py
2025-09-07 20:23:39 | INFO     |  - 08-indicadores.py
2025-09-07 20:23:39 | INFO     |  - 09-score.py
2025-09-07 20:23:39 | INFO     |  - 10-avaliacao_setor.py
2025-09-07 20:23:39 | INFO     |  - 11-ciclo_mercado.py
2025-09-07 20:23:39 | INFO     | 
================================================================================
2025-09-07 20:23:39 | INFO     | ▶️  Executando: 01-acoes_e_fundos.py
2025-09-07 20:23:41 | SUCCESS  | Finalizado: 01-acoes_e_fundos.py | Duração: 1s | Status: SUCESSO
2025-09-07 20:23:41 | INFO     | 
================================================================================
2025-09-07 20:23:41 | INFO     | ▶️  Executando: 02-dividendos.py
2025-09-07 20:25:36 | SUCCESS  | Finalizado: 02-dividendos.py | Duração: 1m 55s | Status: SUCESSO
2025-09-07 20:25:36 | INFO     | 
================================================================================
2025-09-07 20:25:36 | INFO     | ▶️  Executando: 03-dividendos_por_ano.py
2025-09-07 20:25:36 | SUCCESS  | Finalizado: 03-dividendos_por_ano.py | Duração: 0s | Status: SUCESSO
2025-09-07 20:25:36 | INFO     | 
================================================================================
2025-09-07 20:25:36 | INFO     | ▶️  Executando: 04-dividendos_ano_resumo.py
2025-09-07 20:25:36 | SUCCESS  | Finalizado: 04-dividendos_ano_resumo.py | Duração: 0s | Status: SUCESSO
2025-09-07 20:25:36 | INFO     | 
================================================================================
2025-09-07 20:25:36 | INFO     | ▶️  Executando: 05-preco_acoes.py
2025-09-07 20:25:56 | SUCCESS  | Finalizado: 05-preco_acoes.py | Duração: 19s | Status: SUCESSO
2025-09-07 20:25:56 | INFO     | 
================================================================================
2025-09-07 20:25:56 | INFO     | ▶️  Executando: 06-dividend_yield.py
2025-09-07 20:25:57 | SUCCESS  | Finalizado: 06-dividend_yield.py | Duração: 0s | Status: SUCESSO
2025-09-07 20:25:57 | INFO     | 
================================================================================
2025-09-07 20:25:57 | INFO     | ▶️  Executando: 07-preco_teto.py
2025-09-07 20:25:57 | SUCCESS  | Finalizado: 07-preco_teto.py | Duração: 0s | Status: SUCESSO
2025-09-07 20:25:57 | INFO     | 
================================================================================
2025-09-07 20:25:57 | INFO     | ▶️  Executando: 08-indicadores.py
2025-09-07 20:32:48 | SUCCESS  | Finalizado: 08-indicadores.py | Duração: 6m 51s | Status: SUCESSO
2025-09-07 20:32:48 | INFO     | 
================================================================================
2025-09-07 20:32:48 | INFO     | ▶️  Executando: 09-score.py
2025-09-07 20:32:49 | SUCCESS  | Finalizado: 09-score.py | Duração: 0s | Status: SUCESSO
2025-09-07 20:32:49 | INFO     | 
================================================================================
2025-09-07 20:32:49 | INFO     | ▶️  Executando: 10-avaliacao_setor.py
2025-09-07 20:32:49 | SUCCESS  | Finalizado: 10-avaliacao_setor.py | Duração: 0s | Status: SUCESSO
2025-09-07 20:32:49 | INFO     | 
================================================================================
2025-09-07 20:32:49 | INFO     | ▶️  Executando: 11-ciclo_mercado.py
2025-09-07 20:32:49 | SUCCESS  | Finalizado: 11-ciclo_mercado.py | Duração: 0s | Status: SUCESSO
2025-09-07 20:32:49 | INFO     | 
================================================================================
2025-09-07 20:32:49 | INFO     | 📊 Resumo da Execução do Pipeline
2025-09-07 20:32:49 | INFO     | --------------------------------------------------------------------------------
2025-09-07 20:32:49 | SUCCESS  |   - 01-acoes_e_fundos.py           | Sucesso            | Duração: 1s
2025-09-07 20:32:49 | SUCCESS  |   - 02-dividendos.py               | Sucesso            | Duração: 1m 55s
2025-09-07 20:32:49 | SUCCESS  |   - 03-dividendos_por_ano.py       | Sucesso            | Duração: 0s
2025-09-07 20:32:49 | SUCCESS  |   - 04-dividendos_ano_resumo.py    | Sucesso            | Duração: 0s
2025-09-07 20:32:49 | SUCCESS  |   - 05-preco_acoes.py              | Sucesso            | Duração: 19s
2025-09-07 20:32:49 | SUCCESS  |   - 06-dividend_yield.py           | Sucesso            | Duração: 0s
2025-09-07 20:32:49 | SUCCESS  |   - 07-preco_teto.py               | Sucesso            | Duração: 0s
2025-09-07 20:32:49 | SUCCESS  |   - 08-indicadores.py              | Sucesso            | Duração: 6m 51s
2025-09-07 20:32:49 | SUCCESS  |   - 09-score.py                    | Sucesso            | Duração: 0s
2025-09-07 20:32:49 | SUCCESS  |   - 10-avaliacao_setor.py          | Sucesso            | Duração: 0s
2025-09-07 20:32:49 | SUCCESS  |   - 11-ciclo_mercado.py            | Sucesso            | Duração: 0s
2025-09-07 20:32:49 | INFO     | --------------------------------------------------------------------------------
2025-09-07 20:32:49 | INFO     | ⏱️  Tempo total do pipeline: 9m 10s
2025-09-07 20:32:49 | INFO     | ================================================================================
